[debug] [2021-08-17T04:24:47.345Z] ----------------------------------------------------------------------
[debug] [2021-08-17T04:24:47.349Z] Command:       C:\Program Files\nodejs\node.exe C:\Users\Bryan\AppData\Roaming\npm\node_modules\firebase-tools\lib\bin\firebase.js init
[debug] [2021-08-17T04:24:47.350Z] CLI Version:   9.16.5
[debug] [2021-08-17T04:24:47.350Z] Platform:      win32
[debug] [2021-08-17T04:24:47.350Z] Node Version:  v14.8.0
[debug] [2021-08-17T04:24:47.352Z] Time:          Mon Aug 16 2021 23:24:47 GMT-0500 (hora de verano central)
[debug] [2021-08-17T04:24:47.352Z] ----------------------------------------------------------------------
[debug] 
[debug] [2021-08-17T04:24:47.367Z] > command requires scopes: ["email","openid","https://www.googleapis.com/auth/cloudplatformprojects.readonly","https://www.googleapis.com/auth/firebase","https://www.googleapis.com/auth/cloud-platform"]
[debug] [2021-08-17T04:24:47.368Z] > authorizing via signed-in user (norck.com@gmail.com)
[info] 
     ######## #### ########  ######## ########     ###     ######  ########
     ##        ##  ##     ## ##       ##     ##  ##   ##  ##       ##
     ######    ##  ########  ######   ########  #########  ######  ######
     ##        ##  ##    ##  ##       ##     ## ##     ##       ## ##
     ##       #### ##     ## ######## ########  ##     ##  ######  ########

You're about to initialize a Firebase project in this directory:

  C:\Users\Bryan\Documents\GitHub\Portafolioweb

[info] 
=== Project Setup
[info] 
[info] First, let's associate this project directory with a Firebase project.
[info] You can create multiple project aliases by running firebase use --add, 
[info] but for now we'll just set up a default project.
[info] 
[debug] [2021-08-17T04:25:37.322Z] >>> [apiv2][query] GET https://firebase.googleapis.com/v1beta1/projects pageSize=100
[debug] [2021-08-17T04:25:37.703Z] <<< [apiv2][status] GET https://firebase.googleapis.com/v1beta1/projects 200
[debug] [2021-08-17T04:25:37.703Z] <<< [apiv2][body] GET https://firebase.googleapis.com/v1beta1/projects [omitted]
[info] i  Using project portafilioweb (PortafilioWEB) 
[info] 
=== Hosting Setup
[info] 
[info] Your public directory is the folder (relative to your project directory) that
[info] will contain Hosting assets to be uploaded with firebase deploy. If you
[info] have a build process for your assets, use your build's output directory.
[info] 
[debug] [2021-08-17T04:26:11.359Z] >>> [apiv2][query] GET https://www.gstatic.com/firebasejs/releases.json [none]
[debug] [2021-08-17T04:26:11.532Z] <<< [apiv2][status] GET https://www.gstatic.com/firebasejs/releases.json 200
[debug] [2021-08-17T04:26:11.533Z] <<< [apiv2][body] GET https://www.gstatic.com/firebasejs/releases.json {"current":{"version":"8.9.1","browserURL":"https://www.gstatic.com/firebasejs/8.9.1/firebase.js","packageURL":"https://www.gstatic.com/firebasejs/8.9.1/firebase.tgz"},"live":{"version":"8.9","browserURL":"https://www.gstatic.com/firebasejs/live/8.9/firebase.js","packageURL":"https://www.gstatic.com/firebasejs/live/8.9/firebase.tgz"},"components":{"analytics":"https://www.gstatic.com/firebasejs/8.9.1/firebase-analytics.js","app":"https://www.gstatic.com/firebasejs/8.9.1/firebase-app.js","app-check":"https://www.gstatic.com/firebasejs/8.9.1/firebase-app-check.js","auth":"https://www.gstatic.com/firebasejs/8.9.1/firebase-auth.js","database":"https://www.gstatic.com/firebasejs/8.9.1/firebase-database.js","firestore":"https://www.gstatic.com/firebasejs/8.9.1/firebase-firestore.js","functions":"https://www.gstatic.com/firebasejs/8.9.1/firebase-functions.js","installations":"https://www.gstatic.com/firebasejs/8.9.1/firebase-installations.js","messaging":"https://www.gstatic.com/firebasejs/8.9.1/firebase-messaging.js","storage":"https://www.gstatic.com/firebasejs/8.9.1/firebase-storage.js","performance":"https://www.gstatic.com/firebasejs/8.9.1/firebase-performance.js","remote-config":"https://www.gstatic.com/firebasejs/8.9.1/firebase-remote-config.js","firestore.memory":"https://www.gstatic.com/firebasejs/8.9.1/firebase-firestore.memory.js"}}
[info] +  Wrote public/index.html 
[info] 
[info] i  Detected a .git folder at C:\Users\Bryan\Documents\GitHub\Portafolioweb 
[info] i  Authorizing with GitHub to upload your service account to a GitHub repository's secrets store. 
[info] 
[info] Visit this URL on this device to log in:
[info] https://github.com/login/oauth/authorize?client_id=89cf50f02ac6aaed3484&state=776121580&redirect_uri=http%3A%2F%2Flocalhost%3A9005&scope=read%3Auser%20repo%20public_repo
[info] 
[info] Waiting for authentication...
[debug] [2021-08-17T04:26:35.607Z] >>> HTTP REQUEST POST https://github.com/login/oauth/access_token  
 {"client_id":"89cf50f02ac6aaed3484","client_secret":"3330d14abc895d9a74d5f17cd7a00711fa2c5bf0","code":"a9bfb12e5ee82d962d5d","redirect_uri":"http://localhost:9005","state":"776121580"}
[debug] [2021-08-17T04:26:36.062Z] <<< HTTP RESPONSE 200 {"server":"GitHub.com","date":"Tue, 17 Aug 2021 04:26:35 GMT","content-type":"application/json; charset=utf-8","transfer-encoding":"chunked","vary":"X-PJAX, Accept-Encoding, Accept, X-Requested-With","permissions-policy":"interest-cohort=()","etag":"W/\"4b5dfb6d48474d626da864ca6d7e63a6\"","cache-control":"max-age=0, private, must-revalidate","strict-transport-security":"max-age=31536000; includeSubdomains; preload","x-frame-options":"deny","x-content-type-options":"nosniff","x-xss-protection":"0","referrer-policy":"origin-when-cross-origin, strict-origin-when-cross-origin","expect-ct":"max-age=2592000, report-uri=\"https://api.github.com/_private/browser/errors\"","content-security-policy":"default-src 'none'; base-uri 'self'; block-all-mixed-content; connect-src 'self' uploads.github.com www.githubstatus.com collector.githubapp.com api.github.com github-cloud.s3.amazonaws.com github-production-repository-file-5c1aeb.s3.amazonaws.com github-production-upload-manifest-file-7fdce7.s3.amazonaws.com github-production-user-asset-6210df.s3.amazonaws.com cdn.optimizely.com logx.optimizely.com/v1/events translator.github.com wss://alive.github.com; font-src github.githubassets.com; form-action 'self' github.com gist.github.com; frame-ancestors 'none'; frame-src render.githubusercontent.com render-temp.githubusercontent.com viewscreen.githubusercontent.com; img-src 'self' data: github.githubassets.com identicons.github.com collector.githubapp.com github-cloud.s3.amazonaws.com secured-user-images.githubusercontent.com/ *.githubusercontent.com; manifest-src 'self'; media-src 'none'; script-src github.githubassets.com; style-src 'unsafe-inline' github.githubassets.com; worker-src github.com/socket-worker-3f088aa2.js gist.github.com/socket-worker-3f088aa2.js","x-github-request-id":"E765:048C:2B7068:693872:611B3A7A"}
[debug] [2021-08-17T04:26:36.066Z] >>> [apiv2][query] GET https://api.github.com/user [none]
[debug] [2021-08-17T04:26:36.506Z] <<< [apiv2][status] GET https://api.github.com/user 200
[debug] [2021-08-17T04:26:36.506Z] <<< [apiv2][body] GET https://api.github.com/user {"login":"KBryanRL","id":58246406,"node_id":"MDQ6VXNlcjU4MjQ2NDA2","avatar_url":"https://avatars.githubusercontent.com/u/58246406?v=4","gravatar_id":"","url":"https://api.github.com/users/KBryanRL","html_url":"https://github.com/KBryanRL","followers_url":"https://api.github.com/users/KBryanRL/followers","following_url":"https://api.github.com/users/KBryanRL/following{/other_user}","gists_url":"https://api.github.com/users/KBryanRL/gists{/gist_id}","starred_url":"https://api.github.com/users/KBryanRL/starred{/owner}{/repo}","subscriptions_url":"https://api.github.com/users/KBryanRL/subscriptions","organizations_url":"https://api.github.com/users/KBryanRL/orgs","repos_url":"https://api.github.com/users/KBryanRL/repos","events_url":"https://api.github.com/users/KBryanRL/events{/privacy}","received_events_url":"https://api.github.com/users/KBryanRL/received_events","type":"User","site_admin":false,"name":"BRYAN","company":null,"blog":"","location":null,"email":null,"hireable":null,"bio":null,"twitter_username":null,"public_repos":3,"public_gists":0,"followers":1,"following":0,"created_at":"2019-11-27T06:09:15Z","updated_at":"2021-08-16T22:37:47Z","private_gists":0,"total_private_repos":2,"owned_private_repos":2,"disk_usage":99721,"collaborators":0,"two_factor_authentication":false,"plan":{"name":"free","space":976562499,"collaborators":0,"private_repos":10000}}
[info] 
[info] +  Success! Logged into GitHub as KBryanRL 
[info] 
